<?xml version="1.0" encoding="UTF-8"?>
<!-- Generated by org.testng.reporters.JUnitReportReporter -->
<testsuite hostname="2030007706" failures="0" tests="1" name="com.rohini.automation.mbile.DemoTest" time="8.169" errors="0" timestamp="2 Feb 2019 00:25:07 GMT">
  <testcase classname="com.rohini.automation.mbile.DemoTest" name="demoTest_1" time="8.169"/>
</testsuite> <!-- com.rohini.automation.mbile.DemoTest -->
